<?xml version="1.0" encoding="UTF-8"?>
<!-- Generated by org.testng.reporters.JUnitReportReporter -->
<testsuite hostname="VijithaVasudev" failures="0" tests="3" name="SeleniumFrameworkDesign.SubmitOrderPage" time="35.391" errors="0" timestamp="2024-06-14T08:59:04 IST" skipped="0">
  <testcase classname="SeleniumFrameworkDesign.SubmitOrderPage" name="submitOrder" time="18.989"/>
  <testcase classname="SeleniumFrameworkDesign.SubmitOrderPage" name="submitOrder" time="13.904"/>
  <testcase classname="SeleniumFrameworkDesign.SubmitOrderPage" name="OrderHistoryTest" time="2.498"/>
</testsuite> <!-- SeleniumFrameworkDesign.SubmitOrderPage -->
