<?xml version="1.0" encoding="UTF-8"?>
<!-- Generated by org.testng.reporters.JUnitReportReporter -->
<testsuite hostname="VijithaVasudev" failures="0" tests="3" name="SeleniumFrameworkDesign.SubmitOrderPage" time="41.458" errors="0" timestamp="2024-06-15T19:13:08 IST" skipped="0">
  <testcase classname="SeleniumFrameworkDesign.SubmitOrderPage" name="submitOrder" time="20.886"/>
  <testcase classname="SeleniumFrameworkDesign.SubmitOrderPage" name="OrderHistoryTest" time="2.562"/>
  <testcase classname="SeleniumFrameworkDesign.SubmitOrderPage" name="submitOrder" time="18.010"/>
</testsuite> <!-- SeleniumFrameworkDesign.SubmitOrderPage -->
